<?xml version="1.0" encoding="UTF-8"?>
<!-- Generated by org.testng.reporters.JUnitReportReporter -->
<testsuite hostname="IN-9DLRXM3" failures="0" tests="2" name="tests.SignIn" time="24.489" errors="0" timestamp="1 May 2023 18:57:13 GMT">
  <testcase classname="tests.SignIn" name="invalid_sign_in" time="10.594"/>
  <testcase classname="tests.SignIn" name="sign_up" time="13.895"/>
</testsuite> <!-- tests.SignIn -->
