<?xml version="1.0" encoding="UTF-8"?>
<!-- Generated by org.testng.reporters.JUnitReportReporter -->
<testsuite hostname="IN-9DLRXM3" failures="0" tests="2" name="tests.Home" time="74.021" errors="0" timestamp="3 Aug 2023 17:17:27 GMT">
  <testcase classname="tests.Home" name="homepage_element_validation" time="50.272"/>
  <testcase classname="tests.Home" name="homepage_search" time="23.749"/>
</testsuite> <!-- tests.Home -->
