<?xml version="1.0" encoding="UTF-8"?>
<!-- Generated by org.testng.reporters.JUnitReportReporter -->
<testsuite hostname="IN-9DLRXM3" failures="0" tests="2" name="tests.Home" time="14.100" errors="0" timestamp="1 May 2023 19:21:11 GMT">
  <testcase classname="tests.Home" name="homepage_element_validation" time="6.919"/>
  <testcase classname="tests.Home" name="homepage_search" time="7.181"/>
</testsuite> <!-- tests.Home -->
