<?xml version="1.0" encoding="UTF-8"?>
<!-- Generated by org.testng.reporters.JUnitReportReporter -->
<testsuite hostname="IN-9DLRXM3" failures="0" tests="2" name="tests.Shopping" time="26.964" errors="0" timestamp="1 May 2023 17:46:28 GMT">
  <testcase classname="tests.Shopping" name="validate_empty_cart" time="6.885"/>
  <testcase classname="tests.Shopping" name="add_yoga_product" time="20.079"/>
</testsuite> <!-- tests.Shopping -->
