<?xml version="1.0" encoding="UTF-8"?>
<!-- Generated by org.testng.reporters.JUnitReportReporter -->
<testsuite hostname="IN-9DLRXM3" failures="0" tests="1" name="tests.PlaceOrder" time="30.965" errors="0" timestamp="1 May 2023 17:52:01 GMT">
  <testcase classname="tests.PlaceOrder" name="place_an_order" time="30.965"/>
</testsuite> <!-- tests.PlaceOrder -->
