<?xml version="1.0" encoding="UTF-8"?>
<!-- Generated by org.testng.reporters.JUnitReportReporter -->
<testsuite hostname="IN-9DLRXM3" failures="0" tests="1" name="tests.test" time="0.007" errors="0" timestamp="22 Apr 2023 18:39:46 GMT">
  <testcase classname="tests.test" name="login" time="0.007"/>
</testsuite> <!-- tests.test -->
