<?xml version="1.0" encoding="UTF-8"?>
<!-- Generated by org.testng.reporters.JUnitReportReporter -->
<testsuite hostname="IN-9DLRXM3" failures="0" tests="2" name="tests.SignIn" time="22.191" errors="0" timestamp="3 Aug 2023 17:18:25 GMT">
  <testcase classname="tests.SignIn" name="invalid_sign_in" time="10.018"/>
  <testcase classname="tests.SignIn" name="sign_up" time="12.173"/>
</testsuite> <!-- tests.SignIn -->
