<?xml version="1.0" encoding="UTF-8"?>
<!-- Generated by org.testng.reporters.JUnitReportReporter -->
<testsuite hostname="IN-9DLRXM3" failures="0" tests="2" name="tests.Home" time="11.560" errors="0" timestamp="2023-08-01T21:59:03 IST" skipped="0">
  <testcase classname="tests.Home" name="homepage_element_validation" time="4.767"/>
  <system-out/>
  <testcase classname="tests.Home" name="homepage_search" time="6.793"/>
  <system-out/>
</testsuite> <!-- tests.Home -->
