<?xml version="1.0" encoding="UTF-8"?>
<!-- Generated by org.testng.reporters.JUnitReportReporter -->
<testsuite hostname="IN-9DLRXM3" failures="0" tests="2" name="tests.Home" time="10.631" errors="0" timestamp="2023-08-01T15:12:41 IST" skipped="0">
  <testcase classname="tests.Home" name="homepage_search" time="5.999"/>
  <system-out/>
  <testcase classname="tests.Home" name="homepage_element_validation" time="4.632"/>
  <system-out/>
</testsuite> <!-- tests.Home -->
