<?xml version="1.0" encoding="UTF-8"?>
<!-- Generated by org.testng.reporters.JUnitReportReporter -->
<testsuite hostname="IN-9DLRXM3" failures="0" tests="1" name="tests.SignIn" time="13.667" errors="0" timestamp="2023-08-01T15:12:41 IST" skipped="0">
  <testcase classname="tests.SignIn" name="sign_up" time="13.667"/>
  <system-out/>
</testsuite> <!-- tests.SignIn -->
